{"ip":"172.20.0.1","time":"2019-05-28 06:58:07","GET":{"_url":"\/goods\/get_goods_list","city_id":"1"},"POST":[],"COOKIE":[],"HTTP_USER_AGENT":"Mozilla\/5.0 (Macintosh; Intel Mac OS X 10_14_3) AppleWebKit\/537.36 (KHTML, like Gecko) Chrome\/74.0.3729.169 Safari\/537.36","logid":null,"access_token":null,"errcode":10007,"errmsg":"inner system error","elapsed_time":0.10313105583190918}
msg:could not find driver
#0 [internal function]: PDO->__construct('mysql:host=rm-2...', 'qa', 'JjKLKue90wZmzGF...', Array)
#1 [internal function]: Phalcon\Db\Adapter\Pdo->connect(Array)
#2 /opt/htdocs/server_doing/app/wap/portal/Module.php(272): Phalcon\Db\Adapter\Pdo->__construct(Array)
#3 [internal function]: Doing\Wap\Portal\Module->Doing\Wap\Portal\{closure}()
#4 [internal function]: Phalcon\Di\Service->resolve(NULL, Object(Phalcon\Di\FactoryDefault))
#5 /opt/htdocs/server_doing/src/dao/BaseDao.php(59): Phalcon\Di->get('db_instance_doi...')
#6 /opt/htdocs/server_doing/src/dao/GoodsDao.php(248): Doing\Src\Dao\BaseDao->getConnection('db_instance_doi...')
#7 /opt/htdocs/server_doing/src/logic/GoodsLogic.php(506): Doing\Src\Dao\GoodsDao->getGoodsListByTagId(7, '1', '', 1, Array)
#8 /opt/htdocs/server_doing/app/wap/controller/GoodsController.php(46): Doing\Src\Logic\GoodsLogic->getGoodsListByCityIdAndSubjectId('1', '', 1, 1, 10, 1, 'down')
#9 [internal function]: Doing\Wap\Controller\GoodsController->getGoodsListAction('1', '', 1, 1, 10, 'down')
#10 [internal function]: Phalcon\Dispatcher->callActionMethod(Object(Doing\Wap\Controller\GoodsController), 'getGoodsListAct...', Array)
#11 [internal function]: Phalcon\Dispatcher->dispatch()
#12 /opt/htdocs/server_doing/app/wap/portal/index.php(39): Phalcon\Mvc\Application->handle(NULL)
#13 {main}
{"ip":"172.20.0.1","time":"2019-05-28 06:58:10","GET":{"_url":"\/goods\/get_goods_list","city_id":"1"},"POST":[],"COOKIE":[],"HTTP_USER_AGENT":"Mozilla\/5.0 (Macintosh; Intel Mac OS X 10_14_3) AppleWebKit\/537.36 (KHTML, like Gecko) Chrome\/74.0.3729.169 Safari\/537.36","logid":null,"access_token":null,"errcode":10007,"errmsg":"inner system error","elapsed_time":0.0812370777130127}
msg:could not find driver
#0 [internal function]: PDO->__construct('mysql:host=rm-2...', 'qa', 'JjKLKue90wZmzGF...', Array)
#1 [internal function]: Phalcon\Db\Adapter\Pdo->connect(Array)
#2 /opt/htdocs/server_doing/app/wap/portal/Module.php(272): Phalcon\Db\Adapter\Pdo->__construct(Array)
#3 [internal function]: Doing\Wap\Portal\Module->Doing\Wap\Portal\{closure}()
#4 [internal function]: Phalcon\Di\Service->resolve(NULL, Object(Phalcon\Di\FactoryDefault))
#5 /opt/htdocs/server_doing/src/dao/BaseDao.php(59): Phalcon\Di->get('db_instance_doi...')
#6 /opt/htdocs/server_doing/src/dao/GoodsDao.php(248): Doing\Src\Dao\BaseDao->getConnection('db_instance_doi...')
#7 /opt/htdocs/server_doing/src/logic/GoodsLogic.php(506): Doing\Src\Dao\GoodsDao->getGoodsListByTagId(7, '1', '', 1, Array)
#8 /opt/htdocs/server_doing/app/wap/controller/GoodsController.php(46): Doing\Src\Logic\GoodsLogic->getGoodsListByCityIdAndSubjectId('1', '', 1, 1, 10, 1, 'down')
#9 [internal function]: Doing\Wap\Controller\GoodsController->getGoodsListAction('1', '', 1, 1, 10, 'down')
#10 [internal function]: Phalcon\Dispatcher->callActionMethod(Object(Doing\Wap\Controller\GoodsController), 'getGoodsListAct...', Array)
#11 [internal function]: Phalcon\Dispatcher->dispatch()
#12 /opt/htdocs/server_doing/app/wap/portal/index.php(39): Phalcon\Mvc\Application->handle(NULL)
#13 {main}
{"ip":"172.20.0.1","time":"2019-05-28 06:58:10","GET":{"_url":"\/goods\/get_goods_list","city_id":"1"},"POST":[],"COOKIE":[],"HTTP_USER_AGENT":"Mozilla\/5.0 (Macintosh; Intel Mac OS X 10_14_3) AppleWebKit\/537.36 (KHTML, like Gecko) Chrome\/74.0.3729.169 Safari\/537.36","logid":null,"access_token":null,"errcode":10007,"errmsg":"inner system error","elapsed_time":0.08549189567565918}
msg:could not find driver
#0 [internal function]: PDO->__construct('mysql:host=rm-2...', 'qa', 'JjKLKue90wZmzGF...', Array)
#1 [internal function]: Phalcon\Db\Adapter\Pdo->connect(Array)
#2 /opt/htdocs/server_doing/app/wap/portal/Module.php(272): Phalcon\Db\Adapter\Pdo->__construct(Array)
#3 [internal function]: Doing\Wap\Portal\Module->Doing\Wap\Portal\{closure}()
#4 [internal function]: Phalcon\Di\Service->resolve(NULL, Object(Phalcon\Di\FactoryDefault))
#5 /opt/htdocs/server_doing/src/dao/BaseDao.php(59): Phalcon\Di->get('db_instance_doi...')
#6 /opt/htdocs/server_doing/src/dao/GoodsDao.php(248): Doing\Src\Dao\BaseDao->getConnection('db_instance_doi...')
#7 /opt/htdocs/server_doing/src/logic/GoodsLogic.php(506): Doing\Src\Dao\GoodsDao->getGoodsListByTagId(7, '1', '', 1, Array)
#8 /opt/htdocs/server_doing/app/wap/controller/GoodsController.php(46): Doing\Src\Logic\GoodsLogic->getGoodsListByCityIdAndSubjectId('1', '', 1, 1, 10, 1, 'down')
#9 [internal function]: Doing\Wap\Controller\GoodsController->getGoodsListAction('1', '', 1, 1, 10, 'down')
#10 [internal function]: Phalcon\Dispatcher->callActionMethod(Object(Doing\Wap\Controller\GoodsController), 'getGoodsListAct...', Array)
#11 [internal function]: Phalcon\Dispatcher->dispatch()
#12 /opt/htdocs/server_doing/app/wap/portal/index.php(39): Phalcon\Mvc\Application->handle(NULL)
#13 {main}
{"ip":"172.20.0.1","time":"2019-05-28 06:58:11","GET":{"_url":"\/goods\/get_goods_list","city_id":"1"},"POST":[],"COOKIE":[],"HTTP_USER_AGENT":"Mozilla\/5.0 (Macintosh; Intel Mac OS X 10_14_3) AppleWebKit\/537.36 (KHTML, like Gecko) Chrome\/74.0.3729.169 Safari\/537.36","logid":null,"access_token":null,"errcode":10007,"errmsg":"inner system error","elapsed_time":0.0942389965057373}
msg:could not find driver
#0 [internal function]: PDO->__construct('mysql:host=rm-2...', 'qa', 'JjKLKue90wZmzGF...', Array)
#1 [internal function]: Phalcon\Db\Adapter\Pdo->connect(Array)
#2 /opt/htdocs/server_doing/app/wap/portal/Module.php(272): Phalcon\Db\Adapter\Pdo->__construct(Array)
#3 [internal function]: Doing\Wap\Portal\Module->Doing\Wap\Portal\{closure}()
#4 [internal function]: Phalcon\Di\Service->resolve(NULL, Object(Phalcon\Di\FactoryDefault))
#5 /opt/htdocs/server_doing/src/dao/BaseDao.php(59): Phalcon\Di->get('db_instance_doi...')
#6 /opt/htdocs/server_doing/src/dao/GoodsDao.php(248): Doing\Src\Dao\BaseDao->getConnection('db_instance_doi...')
#7 /opt/htdocs/server_doing/src/logic/GoodsLogic.php(506): Doing\Src\Dao\GoodsDao->getGoodsListByTagId(7, '1', '', 1, Array)
#8 /opt/htdocs/server_doing/app/wap/controller/GoodsController.php(46): Doing\Src\Logic\GoodsLogic->getGoodsListByCityIdAndSubjectId('1', '', 1, 1, 10, 1, 'down')
#9 [internal function]: Doing\Wap\Controller\GoodsController->getGoodsListAction('1', '', 1, 1, 10, 'down')
#10 [internal function]: Phalcon\Dispatcher->callActionMethod(Object(Doing\Wap\Controller\GoodsController), 'getGoodsListAct...', Array)
#11 [internal function]: Phalcon\Dispatcher->dispatch()
#12 /opt/htdocs/server_doing/app/wap/portal/index.php(39): Phalcon\Mvc\Application->handle(NULL)
#13 {main}
{"ip":"172.20.0.1","time":"2019-05-28 06:58:11","GET":{"_url":"\/goods\/get_goods_list","city_id":"1"},"POST":[],"COOKIE":[],"HTTP_USER_AGENT":"Mozilla\/5.0 (Macintosh; Intel Mac OS X 10_14_3) AppleWebKit\/537.36 (KHTML, like Gecko) Chrome\/74.0.3729.169 Safari\/537.36","logid":null,"access_token":null,"errcode":10007,"errmsg":"inner system error","elapsed_time":0.07364892959594727}
msg:could not find driver
#0 [internal function]: PDO->__construct('mysql:host=rm-2...', 'qa', 'JjKLKue90wZmzGF...', Array)
#1 [internal function]: Phalcon\Db\Adapter\Pdo->connect(Array)
#2 /opt/htdocs/server_doing/app/wap/portal/Module.php(272): Phalcon\Db\Adapter\Pdo->__construct(Array)
#3 [internal function]: Doing\Wap\Portal\Module->Doing\Wap\Portal\{closure}()
#4 [internal function]: Phalcon\Di\Service->resolve(NULL, Object(Phalcon\Di\FactoryDefault))
#5 /opt/htdocs/server_doing/src/dao/BaseDao.php(59): Phalcon\Di->get('db_instance_doi...')
#6 /opt/htdocs/server_doing/src/dao/GoodsDao.php(248): Doing\Src\Dao\BaseDao->getConnection('db_instance_doi...')
#7 /opt/htdocs/server_doing/src/logic/GoodsLogic.php(506): Doing\Src\Dao\GoodsDao->getGoodsListByTagId(7, '1', '', 1, Array)
#8 /opt/htdocs/server_doing/app/wap/controller/GoodsController.php(46): Doing\Src\Logic\GoodsLogic->getGoodsListByCityIdAndSubjectId('1', '', 1, 1, 10, 1, 'down')
#9 [internal function]: Doing\Wap\Controller\GoodsController->getGoodsListAction('1', '', 1, 1, 10, 'down')
#10 [internal function]: Phalcon\Dispatcher->callActionMethod(Object(Doing\Wap\Controller\GoodsController), 'getGoodsListAct...', Array)
#11 [internal function]: Phalcon\Dispatcher->dispatch()
#12 /opt/htdocs/server_doing/app/wap/portal/index.php(39): Phalcon\Mvc\Application->handle(NULL)
#13 {main}
{"ip":"172.20.0.1","time":"2019-05-28 06:58:12","GET":{"_url":"\/goods\/get_goods_list","city_id":"1"},"POST":[],"COOKIE":[],"HTTP_USER_AGENT":"Mozilla\/5.0 (Macintosh; Intel Mac OS X 10_14_3) AppleWebKit\/537.36 (KHTML, like Gecko) Chrome\/74.0.3729.169 Safari\/537.36","logid":null,"access_token":null,"errcode":10007,"errmsg":"inner system error","elapsed_time":0.060009002685546875}
msg:could not find driver
#0 [internal function]: PDO->__construct('mysql:host=rm-2...', 'qa', 'JjKLKue90wZmzGF...', Array)
#1 [internal function]: Phalcon\Db\Adapter\Pdo->connect(Array)
#2 /opt/htdocs/server_doing/app/wap/portal/Module.php(272): Phalcon\Db\Adapter\Pdo->__construct(Array)
#3 [internal function]: Doing\Wap\Portal\Module->Doing\Wap\Portal\{closure}()
#4 [internal function]: Phalcon\Di\Service->resolve(NULL, Object(Phalcon\Di\FactoryDefault))
#5 /opt/htdocs/server_doing/src/dao/BaseDao.php(59): Phalcon\Di->get('db_instance_doi...')
#6 /opt/htdocs/server_doing/src/dao/GoodsDao.php(248): Doing\Src\Dao\BaseDao->getConnection('db_instance_doi...')
#7 /opt/htdocs/server_doing/src/logic/GoodsLogic.php(506): Doing\Src\Dao\GoodsDao->getGoodsListByTagId(7, '1', '', 1, Array)
#8 /opt/htdocs/server_doing/app/wap/controller/GoodsController.php(46): Doing\Src\Logic\GoodsLogic->getGoodsListByCityIdAndSubjectId('1', '', 1, 1, 10, 1, 'down')
#9 [internal function]: Doing\Wap\Controller\GoodsController->getGoodsListAction('1', '', 1, 1, 10, 'down')
#10 [internal function]: Phalcon\Dispatcher->callActionMethod(Object(Doing\Wap\Controller\GoodsController), 'getGoodsListAct...', Array)
#11 [internal function]: Phalcon\Dispatcher->dispatch()
#12 /opt/htdocs/server_doing/app/wap/portal/index.php(39): Phalcon\Mvc\Application->handle(NULL)
#13 {main}
{"ip":"172.20.0.1","time":"2019-05-28 06:58:12","GET":{"_url":"\/goods\/get_goods_list","city_id":"1"},"POST":[],"COOKIE":[],"HTTP_USER_AGENT":"Mozilla\/5.0 (Macintosh; Intel Mac OS X 10_14_3) AppleWebKit\/537.36 (KHTML, like Gecko) Chrome\/74.0.3729.169 Safari\/537.36","logid":null,"access_token":null,"errcode":10007,"errmsg":"inner system error","elapsed_time":0.060957908630371094}
msg:could not find driver
#0 [internal function]: PDO->__construct('mysql:host=rm-2...', 'qa', 'JjKLKue90wZmzGF...', Array)
#1 [internal function]: Phalcon\Db\Adapter\Pdo->connect(Array)
#2 /opt/htdocs/server_doing/app/wap/portal/Module.php(272): Phalcon\Db\Adapter\Pdo->__construct(Array)
#3 [internal function]: Doing\Wap\Portal\Module->Doing\Wap\Portal\{closure}()
#4 [internal function]: Phalcon\Di\Service->resolve(NULL, Object(Phalcon\Di\FactoryDefault))
#5 /opt/htdocs/server_doing/src/dao/BaseDao.php(59): Phalcon\Di->get('db_instance_doi...')
#6 /opt/htdocs/server_doing/src/dao/GoodsDao.php(248): Doing\Src\Dao\BaseDao->getConnection('db_instance_doi...')
#7 /opt/htdocs/server_doing/src/logic/GoodsLogic.php(506): Doing\Src\Dao\GoodsDao->getGoodsListByTagId(7, '1', '', 1, Array)
#8 /opt/htdocs/server_doing/app/wap/controller/GoodsController.php(46): Doing\Src\Logic\GoodsLogic->getGoodsListByCityIdAndSubjectId('1', '', 1, 1, 10, 1, 'down')
#9 [internal function]: Doing\Wap\Controller\GoodsController->getGoodsListAction('1', '', 1, 1, 10, 'down')
#10 [internal function]: Phalcon\Dispatcher->callActionMethod(Object(Doing\Wap\Controller\GoodsController), 'getGoodsListAct...', Array)
#11 [internal function]: Phalcon\Dispatcher->dispatch()
#12 /opt/htdocs/server_doing/app/wap/portal/index.php(39): Phalcon\Mvc\Application->handle(NULL)
#13 {main}
{"ip":"172.20.0.1","time":"2019-05-28 06:58:13","GET":{"_url":"\/goods\/get_goods_list","city_id":"1"},"POST":[],"COOKIE":[],"HTTP_USER_AGENT":"Mozilla\/5.0 (Macintosh; Intel Mac OS X 10_14_3) AppleWebKit\/537.36 (KHTML, like Gecko) Chrome\/74.0.3729.169 Safari\/537.36","logid":null,"access_token":null,"errcode":10007,"errmsg":"inner system error","elapsed_time":0.06397891044616699}
msg:could not find driver
#0 [internal function]: PDO->__construct('mysql:host=rm-2...', 'qa', 'JjKLKue90wZmzGF...', Array)
#1 [internal function]: Phalcon\Db\Adapter\Pdo->connect(Array)
#2 /opt/htdocs/server_doing/app/wap/portal/Module.php(272): Phalcon\Db\Adapter\Pdo->__construct(Array)
#3 [internal function]: Doing\Wap\Portal\Module->Doing\Wap\Portal\{closure}()
#4 [internal function]: Phalcon\Di\Service->resolve(NULL, Object(Phalcon\Di\FactoryDefault))
#5 /opt/htdocs/server_doing/src/dao/BaseDao.php(59): Phalcon\Di->get('db_instance_doi...')
#6 /opt/htdocs/server_doing/src/dao/GoodsDao.php(248): Doing\Src\Dao\BaseDao->getConnection('db_instance_doi...')
#7 /opt/htdocs/server_doing/src/logic/GoodsLogic.php(506): Doing\Src\Dao\GoodsDao->getGoodsListByTagId(7, '1', '', 1, Array)
#8 /opt/htdocs/server_doing/app/wap/controller/GoodsController.php(46): Doing\Src\Logic\GoodsLogic->getGoodsListByCityIdAndSubjectId('1', '', 1, 1, 10, 1, 'down')
#9 [internal function]: Doing\Wap\Controller\GoodsController->getGoodsListAction('1', '', 1, 1, 10, 'down')
#10 [internal function]: Phalcon\Dispatcher->callActionMethod(Object(Doing\Wap\Controller\GoodsController), 'getGoodsListAct...', Array)
#11 [internal function]: Phalcon\Dispatcher->dispatch()
#12 /opt/htdocs/server_doing/app/wap/portal/index.php(39): Phalcon\Mvc\Application->handle(NULL)
#13 {main}
{"ip":"172.20.0.1","time":"2019-05-28 06:58:13","GET":{"_url":"\/goods\/get_goods_list","city_id":"1"},"POST":[],"COOKIE":[],"HTTP_USER_AGENT":"Mozilla\/5.0 (Macintosh; Intel Mac OS X 10_14_3) AppleWebKit\/537.36 (KHTML, like Gecko) Chrome\/74.0.3729.169 Safari\/537.36","logid":null,"access_token":null,"errcode":10007,"errmsg":"inner system error","elapsed_time":0.06288790702819824}
msg:could not find driver
#0 [internal function]: PDO->__construct('mysql:host=rm-2...', 'qa', 'JjKLKue90wZmzGF...', Array)
#1 [internal function]: Phalcon\Db\Adapter\Pdo->connect(Array)
#2 /opt/htdocs/server_doing/app/wap/portal/Module.php(272): Phalcon\Db\Adapter\Pdo->__construct(Array)
#3 [internal function]: Doing\Wap\Portal\Module->Doing\Wap\Portal\{closure}()
#4 [internal function]: Phalcon\Di\Service->resolve(NULL, Object(Phalcon\Di\FactoryDefault))
#5 /opt/htdocs/server_doing/src/dao/BaseDao.php(59): Phalcon\Di->get('db_instance_doi...')
#6 /opt/htdocs/server_doing/src/dao/GoodsDao.php(248): Doing\Src\Dao\BaseDao->getConnection('db_instance_doi...')
#7 /opt/htdocs/server_doing/src/logic/GoodsLogic.php(506): Doing\Src\Dao\GoodsDao->getGoodsListByTagId(7, '1', '', 1, Array)
#8 /opt/htdocs/server_doing/app/wap/controller/GoodsController.php(46): Doing\Src\Logic\GoodsLogic->getGoodsListByCityIdAndSubjectId('1', '', 1, 1, 10, 1, 'down')
#9 [internal function]: Doing\Wap\Controller\GoodsController->getGoodsListAction('1', '', 1, 1, 10, 'down')
#10 [internal function]: Phalcon\Dispatcher->callActionMethod(Object(Doing\Wap\Controller\GoodsController), 'getGoodsListAct...', Array)
#11 [internal function]: Phalcon\Dispatcher->dispatch()
#12 /opt/htdocs/server_doing/app/wap/portal/index.php(39): Phalcon\Mvc\Application->handle(NULL)
#13 {main}
{"ip":"172.20.0.1","time":"2019-05-28 06:58:14","GET":{"_url":"\/goods\/get_goods_list","city_id":"1"},"POST":[],"COOKIE":[],"HTTP_USER_AGENT":"Mozilla\/5.0 (Macintosh; Intel Mac OS X 10_14_3) AppleWebKit\/537.36 (KHTML, like Gecko) Chrome\/74.0.3729.169 Safari\/537.36","logid":null,"access_token":null,"errcode":10007,"errmsg":"inner system error","elapsed_time":0.06284594535827637}
msg:could not find driver
#0 [internal function]: PDO->__construct('mysql:host=rm-2...', 'qa', 'JjKLKue90wZmzGF...', Array)
#1 [internal function]: Phalcon\Db\Adapter\Pdo->connect(Array)
#2 /opt/htdocs/server_doing/app/wap/portal/Module.php(272): Phalcon\Db\Adapter\Pdo->__construct(Array)
#3 [internal function]: Doing\Wap\Portal\Module->Doing\Wap\Portal\{closure}()
#4 [internal function]: Phalcon\Di\Service->resolve(NULL, Object(Phalcon\Di\FactoryDefault))
#5 /opt/htdocs/server_doing/src/dao/BaseDao.php(59): Phalcon\Di->get('db_instance_doi...')
#6 /opt/htdocs/server_doing/src/dao/GoodsDao.php(248): Doing\Src\Dao\BaseDao->getConnection('db_instance_doi...')
#7 /opt/htdocs/server_doing/src/logic/GoodsLogic.php(506): Doing\Src\Dao\GoodsDao->getGoodsListByTagId(7, '1', '', 1, Array)
#8 /opt/htdocs/server_doing/app/wap/controller/GoodsController.php(46): Doing\Src\Logic\GoodsLogic->getGoodsListByCityIdAndSubjectId('1', '', 1, 1, 10, 1, 'down')
#9 [internal function]: Doing\Wap\Controller\GoodsController->getGoodsListAction('1', '', 1, 1, 10, 'down')
#10 [internal function]: Phalcon\Dispatcher->callActionMethod(Object(Doing\Wap\Controller\GoodsController), 'getGoodsListAct...', Array)
#11 [internal function]: Phalcon\Dispatcher->dispatch()
#12 /opt/htdocs/server_doing/app/wap/portal/index.php(39): Phalcon\Mvc\Application->handle(NULL)
#13 {main}
{"ip":"172.20.0.1","time":"2019-05-28 06:58:14","GET":{"_url":"\/goods\/get_goods_list","city_id":"1"},"POST":[],"COOKIE":[],"HTTP_USER_AGENT":"Mozilla\/5.0 (Macintosh; Intel Mac OS X 10_14_3) AppleWebKit\/537.36 (KHTML, like Gecko) Chrome\/74.0.3729.169 Safari\/537.36","logid":null,"access_token":null,"errcode":10007,"errmsg":"inner system error","elapsed_time":0.0704660415649414}
msg:could not find driver
#0 [internal function]: PDO->__construct('mysql:host=rm-2...', 'qa', 'JjKLKue90wZmzGF...', Array)
#1 [internal function]: Phalcon\Db\Adapter\Pdo->connect(Array)
#2 /opt/htdocs/server_doing/app/wap/portal/Module.php(272): Phalcon\Db\Adapter\Pdo->__construct(Array)
#3 [internal function]: Doing\Wap\Portal\Module->Doing\Wap\Portal\{closure}()
#4 [internal function]: Phalcon\Di\Service->resolve(NULL, Object(Phalcon\Di\FactoryDefault))
#5 /opt/htdocs/server_doing/src/dao/BaseDao.php(59): Phalcon\Di->get('db_instance_doi...')
#6 /opt/htdocs/server_doing/src/dao/GoodsDao.php(248): Doing\Src\Dao\BaseDao->getConnection('db_instance_doi...')
#7 /opt/htdocs/server_doing/src/logic/GoodsLogic.php(506): Doing\Src\Dao\GoodsDao->getGoodsListByTagId(7, '1', '', 1, Array)
#8 /opt/htdocs/server_doing/app/wap/controller/GoodsController.php(46): Doing\Src\Logic\GoodsLogic->getGoodsListByCityIdAndSubjectId('1', '', 1, 1, 10, 1, 'down')
#9 [internal function]: Doing\Wap\Controller\GoodsController->getGoodsListAction('1', '', 1, 1, 10, 'down')
#10 [internal function]: Phalcon\Dispatcher->callActionMethod(Object(Doing\Wap\Controller\GoodsController), 'getGoodsListAct...', Array)
#11 [internal function]: Phalcon\Dispatcher->dispatch()
#12 /opt/htdocs/server_doing/app/wap/portal/index.php(39): Phalcon\Mvc\Application->handle(NULL)
#13 {main}
{"ip":"172.20.0.1","time":"2019-05-28 06:58:14","GET":{"_url":"\/goods\/get_goods_list","city_id":"1"},"POST":[],"COOKIE":[],"HTTP_USER_AGENT":"Mozilla\/5.0 (Macintosh; Intel Mac OS X 10_14_3) AppleWebKit\/537.36 (KHTML, like Gecko) Chrome\/74.0.3729.169 Safari\/537.36","logid":null,"access_token":null,"errcode":10007,"errmsg":"inner system error","elapsed_time":0.058804988861083984}
msg:could not find driver
#0 [internal function]: PDO->__construct('mysql:host=rm-2...', 'qa', 'JjKLKue90wZmzGF...', Array)
#1 [internal function]: Phalcon\Db\Adapter\Pdo->connect(Array)
#2 /opt/htdocs/server_doing/app/wap/portal/Module.php(272): Phalcon\Db\Adapter\Pdo->__construct(Array)
#3 [internal function]: Doing\Wap\Portal\Module->Doing\Wap\Portal\{closure}()
#4 [internal function]: Phalcon\Di\Service->resolve(NULL, Object(Phalcon\Di\FactoryDefault))
#5 /opt/htdocs/server_doing/src/dao/BaseDao.php(59): Phalcon\Di->get('db_instance_doi...')
#6 /opt/htdocs/server_doing/src/dao/GoodsDao.php(248): Doing\Src\Dao\BaseDao->getConnection('db_instance_doi...')
#7 /opt/htdocs/server_doing/src/logic/GoodsLogic.php(506): Doing\Src\Dao\GoodsDao->getGoodsListByTagId(7, '1', '', 1, Array)
#8 /opt/htdocs/server_doing/app/wap/controller/GoodsController.php(46): Doing\Src\Logic\GoodsLogic->getGoodsListByCityIdAndSubjectId('1', '', 1, 1, 10, 1, 'down')
#9 [internal function]: Doing\Wap\Controller\GoodsController->getGoodsListAction('1', '', 1, 1, 10, 'down')
#10 [internal function]: Phalcon\Dispatcher->callActionMethod(Object(Doing\Wap\Controller\GoodsController), 'getGoodsListAct...', Array)
#11 [internal function]: Phalcon\Dispatcher->dispatch()
#12 /opt/htdocs/server_doing/app/wap/portal/index.php(39): Phalcon\Mvc\Application->handle(NULL)
#13 {main}
{"ip":"172.20.0.1","time":"2019-05-28 06:58:14","GET":{"_url":"\/goods\/get_goods_list","city_id":"1"},"POST":[],"COOKIE":[],"HTTP_USER_AGENT":"Mozilla\/5.0 (Macintosh; Intel Mac OS X 10_14_3) AppleWebKit\/537.36 (KHTML, like Gecko) Chrome\/74.0.3729.169 Safari\/537.36","logid":null,"access_token":null,"errcode":10007,"errmsg":"inner system error","elapsed_time":0.06162691116333008}
msg:could not find driver
#0 [internal function]: PDO->__construct('mysql:host=rm-2...', 'qa', 'JjKLKue90wZmzGF...', Array)
#1 [internal function]: Phalcon\Db\Adapter\Pdo->connect(Array)
#2 /opt/htdocs/server_doing/app/wap/portal/Module.php(272): Phalcon\Db\Adapter\Pdo->__construct(Array)
#3 [internal function]: Doing\Wap\Portal\Module->Doing\Wap\Portal\{closure}()
#4 [internal function]: Phalcon\Di\Service->resolve(NULL, Object(Phalcon\Di\FactoryDefault))
#5 /opt/htdocs/server_doing/src/dao/BaseDao.php(59): Phalcon\Di->get('db_instance_doi...')
#6 /opt/htdocs/server_doing/src/dao/GoodsDao.php(248): Doing\Src\Dao\BaseDao->getConnection('db_instance_doi...')
#7 /opt/htdocs/server_doing/src/logic/GoodsLogic.php(506): Doing\Src\Dao\GoodsDao->getGoodsListByTagId(7, '1', '', 1, Array)
#8 /opt/htdocs/server_doing/app/wap/controller/GoodsController.php(46): Doing\Src\Logic\GoodsLogic->getGoodsListByCityIdAndSubjectId('1', '', 1, 1, 10, 1, 'down')
#9 [internal function]: Doing\Wap\Controller\GoodsController->getGoodsListAction('1', '', 1, 1, 10, 'down')
#10 [internal function]: Phalcon\Dispatcher->callActionMethod(Object(Doing\Wap\Controller\GoodsController), 'getGoodsListAct...', Array)
#11 [internal function]: Phalcon\Dispatcher->dispatch()
#12 /opt/htdocs/server_doing/app/wap/portal/index.php(39): Phalcon\Mvc\Application->handle(NULL)
#13 {main}
{"ip":"172.20.0.1","time":"2019-05-28 06:58:14","GET":{"_url":"\/goods\/get_goods_list","city_id":"1"},"POST":[],"COOKIE":[],"HTTP_USER_AGENT":"Mozilla\/5.0 (Macintosh; Intel Mac OS X 10_14_3) AppleWebKit\/537.36 (KHTML, like Gecko) Chrome\/74.0.3729.169 Safari\/537.36","logid":null,"access_token":null,"errcode":10007,"errmsg":"inner system error","elapsed_time":0.06881284713745117}
msg:could not find driver
#0 [internal function]: PDO->__construct('mysql:host=rm-2...', 'qa', 'JjKLKue90wZmzGF...', Array)
#1 [internal function]: Phalcon\Db\Adapter\Pdo->connect(Array)
#2 /opt/htdocs/server_doing/app/wap/portal/Module.php(272): Phalcon\Db\Adapter\Pdo->__construct(Array)
#3 [internal function]: Doing\Wap\Portal\Module->Doing\Wap\Portal\{closure}()
#4 [internal function]: Phalcon\Di\Service->resolve(NULL, Object(Phalcon\Di\FactoryDefault))
#5 /opt/htdocs/server_doing/src/dao/BaseDao.php(59): Phalcon\Di->get('db_instance_doi...')
#6 /opt/htdocs/server_doing/src/dao/GoodsDao.php(248): Doing\Src\Dao\BaseDao->getConnection('db_instance_doi...')
#7 /opt/htdocs/server_doing/src/logic/GoodsLogic.php(506): Doing\Src\Dao\GoodsDao->getGoodsListByTagId(7, '1', '', 1, Array)
#8 /opt/htdocs/server_doing/app/wap/controller/GoodsController.php(46): Doing\Src\Logic\GoodsLogic->getGoodsListByCityIdAndSubjectId('1', '', 1, 1, 10, 1, 'down')
#9 [internal function]: Doing\Wap\Controller\GoodsController->getGoodsListAction('1', '', 1, 1, 10, 'down')
#10 [internal function]: Phalcon\Dispatcher->callActionMethod(Object(Doing\Wap\Controller\GoodsController), 'getGoodsListAct...', Array)
#11 [internal function]: Phalcon\Dispatcher->dispatch()
#12 /opt/htdocs/server_doing/app/wap/portal/index.php(39): Phalcon\Mvc\Application->handle(NULL)
#13 {main}
{"ip":"172.20.0.1","time":"2019-05-28 06:58:15","GET":{"_url":"\/goods\/get_goods_list","city_id":"1"},"POST":[],"COOKIE":[],"HTTP_USER_AGENT":"Mozilla\/5.0 (Macintosh; Intel Mac OS X 10_14_3) AppleWebKit\/537.36 (KHTML, like Gecko) Chrome\/74.0.3729.169 Safari\/537.36","logid":null,"access_token":null,"errcode":10007,"errmsg":"inner system error","elapsed_time":0.07077717781066895}
msg:could not find driver
#0 [internal function]: PDO->__construct('mysql:host=rm-2...', 'qa', 'JjKLKue90wZmzGF...', Array)
#1 [internal function]: Phalcon\Db\Adapter\Pdo->connect(Array)
#2 /opt/htdocs/server_doing/app/wap/portal/Module.php(272): Phalcon\Db\Adapter\Pdo->__construct(Array)
#3 [internal function]: Doing\Wap\Portal\Module->Doing\Wap\Portal\{closure}()
#4 [internal function]: Phalcon\Di\Service->resolve(NULL, Object(Phalcon\Di\FactoryDefault))
#5 /opt/htdocs/server_doing/src/dao/BaseDao.php(59): Phalcon\Di->get('db_instance_doi...')
#6 /opt/htdocs/server_doing/src/dao/GoodsDao.php(248): Doing\Src\Dao\BaseDao->getConnection('db_instance_doi...')
#7 /opt/htdocs/server_doing/src/logic/GoodsLogic.php(506): Doing\Src\Dao\GoodsDao->getGoodsListByTagId(7, '1', '', 1, Array)
#8 /opt/htdocs/server_doing/app/wap/controller/GoodsController.php(46): Doing\Src\Logic\GoodsLogic->getGoodsListByCityIdAndSubjectId('1', '', 1, 1, 10, 1, 'down')
#9 [internal function]: Doing\Wap\Controller\GoodsController->getGoodsListAction('1', '', 1, 1, 10, 'down')
#10 [internal function]: Phalcon\Dispatcher->callActionMethod(Object(Doing\Wap\Controller\GoodsController), 'getGoodsListAct...', Array)
#11 [internal function]: Phalcon\Dispatcher->dispatch()
#12 /opt/htdocs/server_doing/app/wap/portal/index.php(39): Phalcon\Mvc\Application->handle(NULL)
#13 {main}
